<?xml version="1.0" encoding="UTF-8"?>
<coverage generated="1697829312449" clover="3.2.0">
  <project timestamp="1697829312449" name="All files">
    <metrics statements="18" coveredstatements="11" conditionals="18" coveredconditionals="8" methods="5" coveredmethods="3" elements="41" coveredelements="22" complexity="0" loc="18" ncloc="18" packages="2" files="3" classes="3"/>
    <package name="teste_unitario">
      <metrics statements="15" coveredstatements="8" conditionals="18" coveredconditionals="8" methods="4" coveredmethods="2"/>
      <file name="calc.js" path="C:\Users\20212370020\teste_unitario\calc.js">
        <metrics statements="11" coveredstatements="4" conditionals="14" coveredconditionals="4" methods="3" coveredmethods="1"/>
        <line num="2" count="0" type="cond" truecount="0" falsecount="4"/>
        <line num="3" count="0" type="stmt"/>
        <line num="5" count="0" type="stmt"/>
        <line num="10" count="0" type="cond" truecount="0" falsecount="4"/>
        <line num="11" count="0" type="stmt"/>
        <line num="13" count="0" type="stmt"/>
        <line num="17" count="1" type="cond" truecount="3" falsecount="1"/>
        <line num="18" count="1" type="cond" truecount="1" falsecount="1"/>
        <line num="19" count="0" type="stmt"/>
        <line num="22" count="1" type="stmt"/>
        <line num="25" count="1" type="stmt"/>
      </file>
      <file name="sum.js" path="C:\Users\20212370020\teste_unitario\sum.js">
        <metrics statements="4" coveredstatements="4" conditionals="4" coveredconditionals="4" methods="1" coveredmethods="1"/>
        <line num="2" count="2" type="cond" truecount="4" falsecount="0"/>
        <line num="3" count="1" type="stmt"/>
        <line num="5" count="1" type="stmt"/>
        <line num="9" count="1" type="stmt"/>
      </file>
    </package>
    <package name="teste_unitario.git_minicurso.testes-unitarios">
      <metrics statements="3" coveredstatements="3" conditionals="0" coveredconditionals="0" methods="1" coveredmethods="1"/>
      <file name="senha.js" path="C:\Users\20212370020\teste_unitario\git_minicurso\testes-unitarios\senha.js">
        <metrics statements="3" coveredstatements="3" conditionals="0" coveredconditionals="0" methods="1" coveredmethods="1"/>
        <line num="2" count="6" type="stmt"/>
        <line num="3" count="6" type="stmt"/>
        <line num="6" count="1" type="stmt"/>
      </file>
    </package>
  </project>
</coverage>
