TN:
SF:calc.js
FN:1,sub
FN:9,mult
FN:16,div
FNF:3
FNH:1
FNDA:0,sub
FNDA:0,mult
FNDA:1,div
DA:2,0
DA:3,0
DA:5,0
DA:10,0
DA:11,0
DA:13,0
DA:17,1
DA:18,1
DA:19,0
DA:22,1
DA:25,1
LF:11
LH:4
BRDA:2,0,0,0
BRDA:2,0,1,0
BRDA:2,1,0,0
BRDA:2,1,1,0
BRDA:10,2,0,0
BRDA:10,2,1,0
BRDA:10,3,0,0
BRDA:10,3,1,0
BRDA:17,4,0,1
BRDA:17,4,1,0
BRDA:17,5,0,1
BRDA:17,5,1,1
BRDA:18,6,0,0
BRDA:18,6,1,1
BRF:14
BRH:4
end_of_record
TN:
SF:sum.js
FN:1,sum
FNF:1
FNH:1
FNDA:2,sum
DA:2,2
DA:3,1
DA:5,1
DA:9,1
LF:4
LH:4
BRDA:2,0,0,1
BRDA:2,0,1,1
BRDA:2,1,0,2
BRDA:2,1,1,2
BRF:4
BRH:4
end_of_record
TN:
SF:git_minicurso\testes-unitarios\senha.js
FN:1,validarSenha
FNF:1
FNH:1
FNDA:6,validarSenha
DA:2,6
DA:3,6
DA:6,1
LF:3
LH:3
BRF:0
BRH:0
end_of_record
